[0.058s] DEBUG:colcon:Command line arguments: ['/usr/bin/colcon', 'build', '--symlink-install']
[0.058s] DEBUG:colcon:Parsed command line arguments: Namespace(log_base=None, log_level=None, verb_name='build', build_base='build', install_base='install', merge_install=False, symlink_install=True, test_result_base=None, continue_on_error=False, executor='sequential', event_handlers=None, paths=['.'], verb_parser=CustomArgumentParser(prog='colcon build', usage=None, description='Build a set of packages.', formatter_class=<class 'colcon_core.command.CustomFormatter'>, conflict_handler='error', add_help=True), verb_extension=<colcon_core.verb.build.BuildVerb object at 0x7bbb9451ab00>, main=<bound method BuildVerb.main of <colcon_core.verb.build.BuildVerb object at 0x7bbb9451ab00>>)
[0.059s] Level 1:colcon.colcon_core.package_discovery:discover_packages(path) check parameters
[0.059s] Level 1:colcon.colcon_core.package_discovery:discover_packages(path) discover
[0.059s] Level 1:colcon.colcon_core.package_discovery:PathPackageDiscovery.discover(['.'])
[0.060s] Level 1:colcon.colcon_core.package_identification:_identify(.) by extensions ['ignore']
[0.060s] Level 1:colcon.colcon_core.package_identification:_identify(.) by extension 'ignore'
[0.060s] Level 1:colcon.colcon_core.package_identification:_identify(.) by extensions ['python']
[0.060s] Level 1:colcon.colcon_core.package_identification:_identify(.) by extension 'python'
[0.060s] Level 1:colcon.colcon_core.package_discovery:discover_packages(path) using defaults
[0.086s] INFO:colcon.colcon_core.executor:Executing jobs using 'sequential' executor
[0.086s] DEBUG:colcon.colcon_core.executor.sequential:closing loop
[0.087s] DEBUG:colcon.colcon_core.executor.sequential:loop closed
[0.087s] DEBUG:colcon.colcon_core.event_reactor:joining thread
[0.091s] INFO:colcon.colcon_core.plugin_system:Skipping extension 'colcon_notification.desktop_notification.terminal_notifier': Not used on non-Darwin systems
[0.091s] INFO:colcon.colcon_core.plugin_system:Skipping extension 'colcon_notification.desktop_notification.win32': Not used on non-Windows systems
[0.091s] INFO:colcon.colcon_notification.desktop_notification:Sending desktop notification using 'notify2'
[0.103s] DEBUG:colcon.colcon_core.event_reactor:joined thread
[0.104s] INFO:colcon.colcon_core.plugin_system:Skipping extension 'colcon_core.shell.bat': Not used on non-Windows systems
[0.105s] INFO:colcon.colcon_core.shell:Creating prefix script '/home/arc1/ros2_ws/src/my_arcrobot_controller/my_arcrobot_controller/install/local_setup.sh'
[0.105s] INFO:colcon.colcon_core.shell:Creating prefix util module '/home/arc1/ros2_ws/src/my_arcrobot_controller/my_arcrobot_controller/install/_local_setup_util_sh.py'
[0.107s] INFO:colcon.colcon_core.shell:Creating prefix chain script '/home/arc1/ros2_ws/src/my_arcrobot_controller/my_arcrobot_controller/install/setup.sh'
